
   Program  MARK  - Survival Rate Estimation with Capture-Recapture Data
   gfortran(dble/PIM2) Vers. 10.1 March 2023   3-May-2023 13:00:11    Page  001
    
 - - - - - - - - - - - - - - - - - - - - - - - - - - - - - - - - - - - - - -
 
   Welcome to MARK Alejandro on machine DESKTOP-NQSKU6F in subdirectory 
   "C:\Users\Alejandro\OneDrive - Michigan State University\Documents\RProjects\eDNA" running file "mark002.inp".
   This version was compiled by GCC version 12.2.0 using the options: 
     -cpp -iprefix c:\tdm-gcc-64\mingw64\bin\../lib/gcc/x86_64-w64-mingw32/12.2.0/
     -D_MT -D_REENTRANT -U_REENTRANT -D ieee -D dbleprecision -m64 -mtune=generic
     -march=x86-64 -mthreads -O3 -std=f2018 -fsignaling-nans
     -ffpe-summary=invalid,zero,overflow,underflow -funroll-loops -ffast-math
     -fall-intrinsics -fopenmp.

   This problem will use 7 of 8 possible threads.
   Static thread allocation is used.
   Schedule kind is omp_sched_dynamic with chunk size 1


  INPUT --- proc title ;

   For procedure title CPU Time was 0.001 seconds and System Time was 0.001 seconds       .


  INPUT --- proc chmatrix occasions= 7 groups= 2 etype= Live Nodes= 101 
  INPUT --- ICMeans NoHist hist= 55 ;

  INPUT ---    time interval 1 0.5 1 1 1 1 ;

  INPUT ---    glabel(1)=sexFemale;

  INPUT ---    glabel(2)=sexMale;

   * *  WARNING  * *   At least a pair of the encounter histories are duplicates. 

      Number of unique encounter histories read was 32.

      Number of individual covariates read was 0.
      Time interval lengths vary and/or not equal to 1.

      Data type number is 1
      Data type is Live Recaptures (CJS)

   For procedure chmatrix CPU Time was 0.001 seconds and System Time was 0.001 seconds       .

  Program  MARK  - Survival Rate Estimation with Capture-Recapture Data
   gfortran(dble/PIM2) Vers. 10.1 March 2023   3-May-2023 13:00:11    Page  002
 - - - - - - - - - - - - - - - - - - - - - - - - - - - - - - - - - - - - - -
 


  INPUT --- proc estimate link=Logit NOLOOP varest=2ndPart    ;


  INPUT --- model={ Phi(~1)p(~1) };

  INPUT ---    group=1 Phi    rows=6 cols=6 Triang ;
  INPUT ---        1 1 1 1 1 1 ;
  INPUT ---        1 1 1 1 1 ;
  INPUT ---        1 1 1 1 ;
  INPUT ---        1 1 1 ;
  INPUT ---        1 1 ;
  INPUT ---        1 ;

  INPUT ---    group=2 Phi    rows=6 cols=6 Triang ;
  INPUT ---        1 1 1 1 1 1 ;
  INPUT ---        1 1 1 1 1 ;
  INPUT ---        1 1 1 1 ;
  INPUT ---        1 1 1 ;
  INPUT ---        1 1 ;
  INPUT ---        1 ;

  INPUT ---    group=1 p    rows=6 cols=6 Triang ;
  INPUT ---        2 2 2 2 2 2 ;
  INPUT ---        2 2 2 2 2 ;
  INPUT ---        2 2 2 2 ;
  INPUT ---        2 2 2 ;
  INPUT ---        2 2 ;
  INPUT ---        2 ;

  INPUT ---    group=2 p    rows=6 cols=6 Triang ;
  INPUT ---        2 2 2 2 2 2 ;
  INPUT ---        2 2 2 2 2 ;
  INPUT ---        2 2 2 2 ;
  INPUT ---        2 2 2 ;
  INPUT ---        2 2 ;
  INPUT ---        2 ;

  INPUT ---    design matrix constraints=2 covariates=2 identity;
  INPUT ---       blabel(1)=Phi:(Intercept);
  INPUT ---       blabel(2)=p:(Intercept);
  INPUT ---       rlabel(1)=Phi gFemale c198 a0 t198;
  INPUT ---       rlabel(2)=p gFemale c198 a1 t199;
   Model is { Phi(~1)p(~1) }

 Link Function Used is LOGIT        

  Program  MARK  - Survival Rate Estimation with Capture-Recapture Data
   gfortran(dble/PIM2) Vers. 10.1 March 2023   3-May-2023 13:00:11    Page  003
 - - - - - - - - - - - - - - - - - - - - - - - - - - - - - - - - - - - - - -
 

 Variance Estimation Procedure Used is 2ndPart 
 -2logL(saturated) = 582.47711     
 Effective Sample Size = 426

 Number of function evaluations was 10 for 2 parameters.
 For numerical optimization, CPU Time was 0.001 seconds and System Time was 0.016 seconds.
 -2logL { Phi(~1)p(~1) } = 684.80505     
 Penalty { Phi(~1)p(~1) } = 0.0000000     
 Gradient { Phi(~1)p(~1) }:
   0.0000000       0.0000000    
 Maximum ABS(G) { Phi(~1)p(~1) } = 0.0000000     
 To compute VC matrix, CPU Time was 0.001 seconds and System Time was 0.001 seconds.
 S Vector { Phi(~1)p(~1) }:
   99.78007      9.582474    
 To invert VC matrix, CPU Time was 0.001 seconds and System Time was 0.001 seconds.
 Gap Method for Num. of Estimated Parameters { Phi(~1)p(~1) } = 2          
 Numerical Threshold Method for Num. of Estimated Parameters { Phi(~1)p(~1) } = 2          
 Number of Estimated Parameters { Phi(~1)p(~1) } = 2          
 DEVIANCE { Phi(~1)p(~1) } = 102.32794               
 DEVIANCE Degrees of Freedom { Phi(~1)p(~1) } = 39          
 c-hat { Phi(~1)p(~1) } = 2.6237932               
 AIC { Phi(~1)p(~1) } = 688.80505               
 AICc { Phi(~1)p(~1) } = 688.83342               
 BIC { Phi(~1)p(~1) } = 696.91393               
 Pearson Chisquare { Phi(~1)p(~1) } = 174.55584               
 Possible Encounter Histories { Phi(~1)p(~1) } = 252          
 Pearson Chisquare df { Phi(~1)p(~1) } = 238          
 Pearson chat { Phi(~1)p(~1) } = 0.7334279               
 Sum(Observed/Expected) { Phi(~1)p(~1) } = 176.76370               
 s-bar { Phi(~1)p(~1) } = -0.3134846              
 Fletcher chat { Phi(~1)p(~1) } = 1.0683342               


                    LOGIT Link Function Parameters of { Phi(~1)p(~1) }
                                                              95% Confidence Interval
    Parameter                  Beta         Standard Error     Lower           Upper
 -------------------------  --------------  --------------  --------------  --------------
    1:Phi:(Intercept)        0.1650549       0.1050601      -0.0408630       0.3709728    
    2:p:(Intercept)          2.0904203       0.3214679       1.4603433       2.7204974    


                       Real Function Parameters of { Phi(~1)p(~1) }
                                                               95% Confidence Interval
     Parameter                Estimate       Standard Error     Lower           Upper
 --------------------------  --------------  --------------  --------------  --------------
     1:Phi gFemale c198 a0    0.5411703       0.0260870       0.4897857       0.5916940       
     2:p gFemale c198 a1 t1   0.8899686       0.0314796       0.8115852       0.9382254       

 To compute parameter estimates, CPU Time was 0.001 seconds and System Time was 0.093 seconds.

   For procedure estimate CPU Time was 0.001 seconds and System Time was 0.109 seconds       .

  Program  MARK  - Survival Rate Estimation with Capture-Recapture Data
   gfortran(dble/PIM2) Vers. 10.1 March 2023   3-May-2023 13:00:11    Page  004
 - - - - - - - - - - - - - - - - - - - - - - - - - - - - - - - - - - - - - -
 


  INPUT --- proc stop;

     For this job, CPU Time in minutes was 0.001 and System Time in minutes was 0.002.

     Time Start = 13:00:11.261   Time End = 13:00:11.370

     Wall Clock Time in minutes for this job was 0.002.

     Maximum of 19 words used of 4096 words allocated.


          E X E C U T I O N   S U C C E S S F U L 
